2025.01.27 15:54:24 INFO  Started: Metals version 1.5.1 in folders 'C:\Users\user\Programming\tmdb-api\apitmdb' for client Visual Studio Code 1.96.4.
2025.01.27 15:55:18 INFO  
2025.01.27 15:55:18 INFO  Template applied in C:\Users\user\Programming\.\restful_scala_api
2025.01.27 15:55:18 INFO  
2025.01.27 15:55:18 INFO  time: ran 'giter8.Giter8' in 4s
jan. 27, 2025 3:55:25 PM org.eclipse.lsp4j.jsonrpc.services.GenericEndpoint notify
INFO: Unsupported notification method: $/setTrace
jan. 27, 2025 3:55:25 PM org.eclipse.lsp4j.jsonrpc.services.GenericEndpoint notify
WARNING: Unsupported notification method: metals/windowStateDidChange
jan. 27, 2025 3:55:27 PM org.eclipse.lsp4j.jsonrpc.services.GenericEndpoint notify
WARNING: Unsupported notification method: metals/windowStateDidChange
2025.01.27 15:55:36 INFO  Shutting down server
2025.01.27 15:55:36 INFO  shutting down Metals
2025.01.27 15:55:36 INFO  Exiting server
2025.01.27 15:55:36 ERROR Unexpected error initializing server: 
org.eclipse.lsp4j.jsonrpc.ResponseErrorException: Request window/showMessageRequest failed with message: Canceled
	at org.eclipse.lsp4j.jsonrpc.RemoteEndpoint.handleResponse(RemoteEndpoint.java:220)
	at org.eclipse.lsp4j.jsonrpc.RemoteEndpoint.consume(RemoteEndpoint.java:204)
	at org.eclipse.lsp4j.jsonrpc.json.StreamMessageProducer.handleMessage(StreamMessageProducer.java:185)
	at org.eclipse.lsp4j.jsonrpc.json.StreamMessageProducer.listen(StreamMessageProducer.java:97)
	at org.eclipse.lsp4j.jsonrpc.json.ConcurrentMessageProcessor.run(ConcurrentMessageProcessor.java:114)
	at java.util.concurrent.Executors$RunnableAdapter.call(Executors.java:572)
	at java.util.concurrent.FutureTask.run(FutureTask.java:317)
	at java.util.concurrent.ThreadPoolExecutor.runWorker(ThreadPoolExecutor.java:1144)
	at java.util.concurrent.ThreadPoolExecutor$Worker.run(ThreadPoolExecutor.java:642)
	at java.lang.Thread.run(Thread.java:1583)

